<?xml version="1.0" encoding="UTF-8"?>
<testng-results skipped="0" failed="0" total="1" passed="1">
  <reporter-output>
  </reporter-output>
  <suite name="Suite" duration-ms="50744" started-at="2020-06-14T16:04:39Z" finished-at="2020-06-14T16:05:30Z">
    <groups>
    </groups>
    <test name="Test" duration-ms="50744" started-at="2020-06-14T16:04:39Z" finished-at="2020-06-14T16:05:30Z">
      <class name="mil.dtic.selenium.RunTest">
        <test-method status="PASS" signature="beforeClass()[pri:0, instance:mil.dtic.selenium.RunTest@573f2bb1]" name="beforeClass" is-config="true" duration-ms="1157" started-at="2020-06-14T12:04:39Z" finished-at="2020-06-14T12:04:40Z">
          <reporter-output>
          </reporter-output>
        </test-method> <!-- beforeClass -->
        <test-method status="PASS" signature="readExcel()[pri:0, instance:mil.dtic.selenium.RunTest@573f2bb1]" name="readExcel" duration-ms="49563" started-at="2020-06-14T12:04:40Z" finished-at="2020-06-14T12:05:30Z">
          <reporter-output>
          </reporter-output>
        </test-method> <!-- readExcel -->
        <test-method status="PASS" signature="afterClass()[pri:0, instance:mil.dtic.selenium.RunTest@573f2bb1]" name="afterClass" is-config="true" duration-ms="1" started-at="2020-06-14T12:05:30Z" finished-at="2020-06-14T12:05:30Z">
          <reporter-output>
          </reporter-output>
        </test-method> <!-- afterClass -->
      </class> <!-- mil.dtic.selenium.RunTest -->
    </test> <!-- Test -->
  </suite> <!-- Suite -->
</testng-results>
